<?xml version="1.0" encoding="UTF-8"?>
<robot generator="Robot 4.1.2 (Python 3.9.0 on win32)" generated="20211102 02:04:46.153" rpa="false" schemaversion="2">
<suite id="s1" name="Mobile" source="C:\Projetos\Curso Prime 25-10-21\prime_experts_turma_4\mobile">
<suite id="s1-s1" name="Teste Mobile" source="C:\Projetos\Curso Prime 25-10-21\prime_experts_turma_4\mobile\teste_mobile.robot">
<test id="s1-s1-t1" name="Caso de Teste 03: Usar método Swipe na tela">
<kw name="Abrir o aplicativo no celular" library="resource">
<msg timestamp="20211102 02:04:46.337" level="TRACE">Arguments: [  ]</msg>
<kw name="Open Application" library="AppiumLibrary">
<arg>${urL_appium_server}</arg>
<arg>&amp;{AppiumCapabilities}</arg>
<doc>Opens a new application to given Appium server.
Capabilities of appium server, Android and iOS,
Please check https://github.com/appium/appium/blob/master/docs/en/writing-running-appium/server-args.md
| *Option*            | *Man.* | *Description*     |
| remote_url          | Yes    | Appium server url |
| alias               | no     | alias             |</doc>
<msg timestamp="20211102 02:04:46.337" level="TRACE">Arguments: [ 'http://localhost:4723/wd/hub' | platformName='Android' | platformVersion='10.0' | deviceName='Pixel 2 API 29' | automationName='UiAutomator2' | appPackage='com.google.android.youtube' | appium:appActivity='com.google.android.apps.youtube.app.WatchWhileActivity' ]</msg>
<msg timestamp="20211102 02:04:48.404" level="DEBUG">POST http://127.0.0.1:4723/wd/hub/session {"capabilities": {"firstMatch": [{"platformName": "Android", "appium:platformVersion": "10.0", "appium:deviceName": "Pixel 2 API 29", "appium:automationName": "UiAutomator2", "appium:appPackage": "com.google.android.youtube", "appium:appActivity": "com.google.android.apps.youtube.app.WatchWhileActivity"}]}, "desiredCapabilities": {"platformName": "Android", "platformVersion": "10.0", "deviceName": "Pixel 2 API 29", "automationName": "UiAutomator2", "appPackage": "com.google.android.youtube", "appium:appActivity": "com.google.android.apps.youtube.app.WatchWhileActivity"}}</msg>
<msg timestamp="20211102 02:04:48.405" level="DEBUG">Starting new HTTP connection (1): 127.0.0.1:4723</msg>
<msg timestamp="20211102 02:04:56.555" level="DEBUG">http://127.0.0.1:4723 "POST /wd/hub/session HTTP/1.1" 200 1010</msg>
<msg timestamp="20211102 02:04:56.555" level="DEBUG">Finished Request</msg>
<msg timestamp="20211102 02:04:56.557" level="DEBUG">Opened application with session id dfcc0d23-7d1d-4b0b-97f1-e60390781f4d</msg>
<msg timestamp="20211102 02:04:56.557" level="TRACE">Return: 1</msg>
<status status="PASS" starttime="20211102 02:04:46.337" endtime="20211102 02:04:56.557"/>
</kw>
<msg timestamp="20211102 02:04:56.557" level="TRACE">Return: None</msg>
<status status="PASS" starttime="20211102 02:04:46.337" endtime="20211102 02:04:56.557"/>
</kw>
<kw name="Entrar no menu “Explorar”" library="resource">
<msg timestamp="20211102 02:04:56.558" level="TRACE">Arguments: [  ]</msg>
<kw name="Wait Until Element Is Visible" library="AppiumLibrary">
<arg>${Home.recyclerView}</arg>
<arg>30</arg>
<doc>Waits until element specified with `locator` is visible.</doc>
<msg timestamp="20211102 02:04:56.559" level="TRACE">Arguments: [ '//android.support.v7.widget.RecyclerView[@content-desc="filters"]/android.widget.LinearLayout[1]' | '30' ]</msg>
<msg timestamp="20211102 02:04:56.559" level="DEBUG">POST http://127.0.0.1:4723/wd/hub/session/dfcc0d23-7d1d-4b0b-97f1-e60390781f4d/elements {"using": "xpath", "value": "//android.support.v7.widget.RecyclerView[@content-desc=\"filters\"]/android.widget.LinearLayout[1]"}</msg>
<msg timestamp="20211102 02:05:01.586" level="DEBUG">http://127.0.0.1:4723 "POST /wd/hub/session/dfcc0d23-7d1d-4b0b-97f1-e60390781f4d/elements HTTP/1.1" 200 12</msg>
<msg timestamp="20211102 02:05:01.587" level="DEBUG">Finished Request</msg>
<msg timestamp="20211102 02:05:01.801" level="DEBUG">POST http://127.0.0.1:4723/wd/hub/session/dfcc0d23-7d1d-4b0b-97f1-e60390781f4d/elements {"using": "xpath", "value": "//android.support.v7.widget.RecyclerView[@content-desc=\"filters\"]/android.widget.LinearLayout[1]"}</msg>
<msg timestamp="20211102 02:05:02.523" level="DEBUG">http://127.0.0.1:4723 "POST /wd/hub/session/dfcc0d23-7d1d-4b0b-97f1-e60390781f4d/elements HTTP/1.1" 200 12</msg>
<msg timestamp="20211102 02:05:02.524" level="DEBUG">Finished Request</msg>
<msg timestamp="20211102 02:05:02.730" level="DEBUG">POST http://127.0.0.1:4723/wd/hub/session/dfcc0d23-7d1d-4b0b-97f1-e60390781f4d/elements {"using": "xpath", "value": "//android.support.v7.widget.RecyclerView[@content-desc=\"filters\"]/android.widget.LinearLayout[1]"}</msg>
<msg timestamp="20211102 02:05:02.898" level="DEBUG">http://127.0.0.1:4723 "POST /wd/hub/session/dfcc0d23-7d1d-4b0b-97f1-e60390781f4d/elements HTTP/1.1" 200 12</msg>
<msg timestamp="20211102 02:05:02.898" level="DEBUG">Finished Request</msg>
<msg timestamp="20211102 02:05:03.107" level="DEBUG">POST http://127.0.0.1:4723/wd/hub/session/dfcc0d23-7d1d-4b0b-97f1-e60390781f4d/elements {"using": "xpath", "value": "//android.support.v7.widget.RecyclerView[@content-desc=\"filters\"]/android.widget.LinearLayout[1]"}</msg>
<msg timestamp="20211102 02:05:03.545" level="DEBUG">http://127.0.0.1:4723 "POST /wd/hub/session/dfcc0d23-7d1d-4b0b-97f1-e60390781f4d/elements HTTP/1.1" 200 12</msg>
<msg timestamp="20211102 02:05:03.545" level="DEBUG">Finished Request</msg>
<msg timestamp="20211102 02:05:03.753" level="DEBUG">POST http://127.0.0.1:4723/wd/hub/session/dfcc0d23-7d1d-4b0b-97f1-e60390781f4d/elements {"using": "xpath", "value": "//android.support.v7.widget.RecyclerView[@content-desc=\"filters\"]/android.widget.LinearLayout[1]"}</msg>
<msg timestamp="20211102 02:05:03.852" level="DEBUG">http://127.0.0.1:4723 "POST /wd/hub/session/dfcc0d23-7d1d-4b0b-97f1-e60390781f4d/elements HTTP/1.1" 200 12</msg>
<msg timestamp="20211102 02:05:03.853" level="DEBUG">Finished Request</msg>
<msg timestamp="20211102 02:05:04.053" level="DEBUG">POST http://127.0.0.1:4723/wd/hub/session/dfcc0d23-7d1d-4b0b-97f1-e60390781f4d/elements {"using": "xpath", "value": "//android.support.v7.widget.RecyclerView[@content-desc=\"filters\"]/android.widget.LinearLayout[1]"}</msg>
<msg timestamp="20211102 02:05:04.520" level="DEBUG">http://127.0.0.1:4723 "POST /wd/hub/session/dfcc0d23-7d1d-4b0b-97f1-e60390781f4d/elements HTTP/1.1" 200 12</msg>
<msg timestamp="20211102 02:05:04.520" level="DEBUG">Finished Request</msg>
<msg timestamp="20211102 02:05:04.730" level="DEBUG">POST http://127.0.0.1:4723/wd/hub/session/dfcc0d23-7d1d-4b0b-97f1-e60390781f4d/elements {"using": "xpath", "value": "//android.support.v7.widget.RecyclerView[@content-desc=\"filters\"]/android.widget.LinearLayout[1]"}</msg>
<msg timestamp="20211102 02:05:04.835" level="DEBUG">http://127.0.0.1:4723 "POST /wd/hub/session/dfcc0d23-7d1d-4b0b-97f1-e60390781f4d/elements HTTP/1.1" 200 12</msg>
<msg timestamp="20211102 02:05:04.836" level="DEBUG">Finished Request</msg>
<msg timestamp="20211102 02:05:05.044" level="DEBUG">POST http://127.0.0.1:4723/wd/hub/session/dfcc0d23-7d1d-4b0b-97f1-e60390781f4d/elements {"using": "xpath", "value": "//android.support.v7.widget.RecyclerView[@content-desc=\"filters\"]/android.widget.LinearLayout[1]"}</msg>
<msg timestamp="20211102 02:05:05.435" level="DEBUG">http://127.0.0.1:4723 "POST /wd/hub/session/dfcc0d23-7d1d-4b0b-97f1-e60390781f4d/elements HTTP/1.1" 200 12</msg>
<msg timestamp="20211102 02:05:05.436" level="DEBUG">Finished Request</msg>
<msg timestamp="20211102 02:05:05.646" level="DEBUG">POST http://127.0.0.1:4723/wd/hub/session/dfcc0d23-7d1d-4b0b-97f1-e60390781f4d/elements {"using": "xpath", "value": "//android.support.v7.widget.RecyclerView[@content-desc=\"filters\"]/android.widget.LinearLayout[1]"}</msg>
<msg timestamp="20211102 02:05:05.709" level="DEBUG">http://127.0.0.1:4723 "POST /wd/hub/session/dfcc0d23-7d1d-4b0b-97f1-e60390781f4d/elements HTTP/1.1" 200 12</msg>
<msg timestamp="20211102 02:05:05.710" level="DEBUG">Finished Request</msg>
<msg timestamp="20211102 02:05:05.914" level="DEBUG">POST http://127.0.0.1:4723/wd/hub/session/dfcc0d23-7d1d-4b0b-97f1-e60390781f4d/elements {"using": "xpath", "value": "//android.support.v7.widget.RecyclerView[@content-desc=\"filters\"]/android.widget.LinearLayout[1]"}</msg>
<msg timestamp="20211102 02:05:06.471" level="DEBUG">http://127.0.0.1:4723 "POST /wd/hub/session/dfcc0d23-7d1d-4b0b-97f1-e60390781f4d/elements HTTP/1.1" 200 12</msg>
<msg timestamp="20211102 02:05:06.471" level="DEBUG">Finished Request</msg>
<msg timestamp="20211102 02:05:06.687" level="DEBUG">POST http://127.0.0.1:4723/wd/hub/session/dfcc0d23-7d1d-4b0b-97f1-e60390781f4d/elements {"using": "xpath", "value": "//android.support.v7.widget.RecyclerView[@content-desc=\"filters\"]/android.widget.LinearLayout[1]"}</msg>
<msg timestamp="20211102 02:05:06.799" level="DEBUG">http://127.0.0.1:4723 "POST /wd/hub/session/dfcc0d23-7d1d-4b0b-97f1-e60390781f4d/elements HTTP/1.1" 200 12</msg>
<msg timestamp="20211102 02:05:06.799" level="DEBUG">Finished Request</msg>
<msg timestamp="20211102 02:05:07.004" level="DEBUG">POST http://127.0.0.1:4723/wd/hub/session/dfcc0d23-7d1d-4b0b-97f1-e60390781f4d/elements {"using": "xpath", "value": "//android.support.v7.widget.RecyclerView[@content-desc=\"filters\"]/android.widget.LinearLayout[1]"}</msg>
<msg timestamp="20211102 02:05:07.611" level="DEBUG">http://127.0.0.1:4723 "POST /wd/hub/session/dfcc0d23-7d1d-4b0b-97f1-e60390781f4d/elements HTTP/1.1" 200 12</msg>
<msg timestamp="20211102 02:05:07.612" level="DEBUG">Finished Request</msg>
<msg timestamp="20211102 02:05:07.826" level="DEBUG">POST http://127.0.0.1:4723/wd/hub/session/dfcc0d23-7d1d-4b0b-97f1-e60390781f4d/elements {"using": "xpath", "value": "//android.support.v7.widget.RecyclerView[@content-desc=\"filters\"]/android.widget.LinearLayout[1]"}</msg>
<msg timestamp="20211102 02:05:08.544" level="DEBUG">http://127.0.0.1:4723 "POST /wd/hub/session/dfcc0d23-7d1d-4b0b-97f1-e60390781f4d/elements HTTP/1.1" 200 12</msg>
<msg timestamp="20211102 02:05:08.545" level="DEBUG">Finished Request</msg>
<msg timestamp="20211102 02:05:08.758" level="DEBUG">POST http://127.0.0.1:4723/wd/hub/session/dfcc0d23-7d1d-4b0b-97f1-e60390781f4d/elements {"using": "xpath", "value": "//android.support.v7.widget.RecyclerView[@content-desc=\"filters\"]/android.widget.LinearLayout[1]"}</msg>
<msg timestamp="20211102 02:05:10.453" level="DEBUG">http://127.0.0.1:4723 "POST /wd/hub/session/dfcc0d23-7d1d-4b0b-97f1-e60390781f4d/elements HTTP/1.1" 200 12</msg>
<msg timestamp="20211102 02:05:10.453" level="DEBUG">Finished Request</msg>
<msg timestamp="20211102 02:05:10.667" level="DEBUG">POST http://127.0.0.1:4723/wd/hub/session/dfcc0d23-7d1d-4b0b-97f1-e60390781f4d/elements {"using": "xpath", "value": "//android.support.v7.widget.RecyclerView[@content-desc=\"filters\"]/android.widget.LinearLayout[1]"}</msg>
<msg timestamp="20211102 02:05:10.780" level="DEBUG">http://127.0.0.1:4723 "POST /wd/hub/session/dfcc0d23-7d1d-4b0b-97f1-e60390781f4d/elements HTTP/1.1" 200 12</msg>
<msg timestamp="20211102 02:05:10.781" level="DEBUG">Finished Request</msg>
<msg timestamp="20211102 02:05:10.982" level="DEBUG">POST http://127.0.0.1:4723/wd/hub/session/dfcc0d23-7d1d-4b0b-97f1-e60390781f4d/elements {"using": "xpath", "value": "//android.support.v7.widget.RecyclerView[@content-desc=\"filters\"]/android.widget.LinearLayout[1]"}</msg>
<msg timestamp="20211102 02:05:11.562" level="DEBUG">http://127.0.0.1:4723 "POST /wd/hub/session/dfcc0d23-7d1d-4b0b-97f1-e60390781f4d/elements HTTP/1.1" 200 12</msg>
<msg timestamp="20211102 02:05:11.563" level="DEBUG">Finished Request</msg>
<msg timestamp="20211102 02:05:11.774" level="DEBUG">POST http://127.0.0.1:4723/wd/hub/session/dfcc0d23-7d1d-4b0b-97f1-e60390781f4d/elements {"using": "xpath", "value": "//android.support.v7.widget.RecyclerView[@content-desc=\"filters\"]/android.widget.LinearLayout[1]"}</msg>
<msg timestamp="20211102 02:05:12.455" level="DEBUG">http://127.0.0.1:4723 "POST /wd/hub/session/dfcc0d23-7d1d-4b0b-97f1-e60390781f4d/elements HTTP/1.1" 200 12</msg>
<msg timestamp="20211102 02:05:12.456" level="DEBUG">Finished Request</msg>
<msg timestamp="20211102 02:05:12.660" level="DEBUG">POST http://127.0.0.1:4723/wd/hub/session/dfcc0d23-7d1d-4b0b-97f1-e60390781f4d/elements {"using": "xpath", "value": "//android.support.v7.widget.RecyclerView[@content-desc=\"filters\"]/android.widget.LinearLayout[1]"}</msg>
<msg timestamp="20211102 02:05:12.760" level="DEBUG">http://127.0.0.1:4723 "POST /wd/hub/session/dfcc0d23-7d1d-4b0b-97f1-e60390781f4d/elements HTTP/1.1" 200 12</msg>
<msg timestamp="20211102 02:05:12.760" level="DEBUG">Finished Request</msg>
<msg timestamp="20211102 02:05:12.974" level="DEBUG">POST http://127.0.0.1:4723/wd/hub/session/dfcc0d23-7d1d-4b0b-97f1-e60390781f4d/elements {"using": "xpath", "value": "//android.support.v7.widget.RecyclerView[@content-desc=\"filters\"]/android.widget.LinearLayout[1]"}</msg>
<msg timestamp="20211102 02:05:13.472" level="DEBUG">http://127.0.0.1:4723 "POST /wd/hub/session/dfcc0d23-7d1d-4b0b-97f1-e60390781f4d/elements HTTP/1.1" 200 12</msg>
<msg timestamp="20211102 02:05:13.473" level="DEBUG">Finished Request</msg>
<msg timestamp="20211102 02:05:13.685" level="DEBUG">POST http://127.0.0.1:4723/wd/hub/session/dfcc0d23-7d1d-4b0b-97f1-e60390781f4d/elements {"using": "xpath", "value": "//android.support.v7.widget.RecyclerView[@content-desc=\"filters\"]/android.widget.LinearLayout[1]"}</msg>
<msg timestamp="20211102 02:05:13.801" level="DEBUG">http://127.0.0.1:4723 "POST /wd/hub/session/dfcc0d23-7d1d-4b0b-97f1-e60390781f4d/elements HTTP/1.1" 200 12</msg>
<msg timestamp="20211102 02:05:13.801" level="DEBUG">Finished Request</msg>
<msg timestamp="20211102 02:05:14.017" level="DEBUG">POST http://127.0.0.1:4723/wd/hub/session/dfcc0d23-7d1d-4b0b-97f1-e60390781f4d/elements {"using": "xpath", "value": "//android.support.v7.widget.RecyclerView[@content-desc=\"filters\"]/android.widget.LinearLayout[1]"}</msg>
<msg timestamp="20211102 02:05:14.502" level="DEBUG">http://127.0.0.1:4723 "POST /wd/hub/session/dfcc0d23-7d1d-4b0b-97f1-e60390781f4d/elements HTTP/1.1" 200 12</msg>
<msg timestamp="20211102 02:05:14.502" level="DEBUG">Finished Request</msg>
<msg timestamp="20211102 02:05:14.712" level="DEBUG">POST http://127.0.0.1:4723/wd/hub/session/dfcc0d23-7d1d-4b0b-97f1-e60390781f4d/elements {"using": "xpath", "value": "//android.support.v7.widget.RecyclerView[@content-desc=\"filters\"]/android.widget.LinearLayout[1]"}</msg>
<msg timestamp="20211102 02:05:14.813" level="DEBUG">http://127.0.0.1:4723 "POST /wd/hub/session/dfcc0d23-7d1d-4b0b-97f1-e60390781f4d/elements HTTP/1.1" 200 12</msg>
<msg timestamp="20211102 02:05:14.814" level="DEBUG">Finished Request</msg>
<msg timestamp="20211102 02:05:15.028" level="DEBUG">POST http://127.0.0.1:4723/wd/hub/session/dfcc0d23-7d1d-4b0b-97f1-e60390781f4d/elements {"using": "xpath", "value": "//android.support.v7.widget.RecyclerView[@content-desc=\"filters\"]/android.widget.LinearLayout[1]"}</msg>
<msg timestamp="20211102 02:05:15.536" level="DEBUG">http://127.0.0.1:4723 "POST /wd/hub/session/dfcc0d23-7d1d-4b0b-97f1-e60390781f4d/elements HTTP/1.1" 200 12</msg>
<msg timestamp="20211102 02:05:15.536" level="DEBUG">Finished Request</msg>
<msg timestamp="20211102 02:05:15.750" level="DEBUG">POST http://127.0.0.1:4723/wd/hub/session/dfcc0d23-7d1d-4b0b-97f1-e60390781f4d/elements {"using": "xpath", "value": "//android.support.v7.widget.RecyclerView[@content-desc=\"filters\"]/android.widget.LinearLayout[1]"}</msg>
<msg timestamp="20211102 02:05:15.896" level="DEBUG">http://127.0.0.1:4723 "POST /wd/hub/session/dfcc0d23-7d1d-4b0b-97f1-e60390781f4d/elements HTTP/1.1" 200 12</msg>
<msg timestamp="20211102 02:05:15.896" level="DEBUG">Finished Request</msg>
<msg timestamp="20211102 02:05:16.099" level="DEBUG">POST http://127.0.0.1:4723/wd/hub/session/dfcc0d23-7d1d-4b0b-97f1-e60390781f4d/elements {"using": "xpath", "value": "//android.support.v7.widget.RecyclerView[@content-desc=\"filters\"]/android.widget.LinearLayout[1]"}</msg>
<msg timestamp="20211102 02:05:16.488" level="DEBUG">http://127.0.0.1:4723 "POST /wd/hub/session/dfcc0d23-7d1d-4b0b-97f1-e60390781f4d/elements HTTP/1.1" 200 12</msg>
<msg timestamp="20211102 02:05:16.489" level="DEBUG">Finished Request</msg>
<msg timestamp="20211102 02:05:16.704" level="DEBUG">POST http://127.0.0.1:4723/wd/hub/session/dfcc0d23-7d1d-4b0b-97f1-e60390781f4d/elements {"using": "xpath", "value": "//android.support.v7.widget.RecyclerView[@content-desc=\"filters\"]/android.widget.LinearLayout[1]"}</msg>
<msg timestamp="20211102 02:05:16.894" level="DEBUG">http://127.0.0.1:4723 "POST /wd/hub/session/dfcc0d23-7d1d-4b0b-97f1-e60390781f4d/elements HTTP/1.1" 200 12</msg>
<msg timestamp="20211102 02:05:16.894" level="DEBUG">Finished Request</msg>
<msg timestamp="20211102 02:05:17.099" level="DEBUG">POST http://127.0.0.1:4723/wd/hub/session/dfcc0d23-7d1d-4b0b-97f1-e60390781f4d/elements {"using": "xpath", "value": "//android.support.v7.widget.RecyclerView[@content-desc=\"filters\"]/android.widget.LinearLayout[1]"}</msg>
<msg timestamp="20211102 02:05:17.475" level="DEBUG">http://127.0.0.1:4723 "POST /wd/hub/session/dfcc0d23-7d1d-4b0b-97f1-e60390781f4d/elements HTTP/1.1" 200 12</msg>
<msg timestamp="20211102 02:05:17.477" level="DEBUG">Finished Request</msg>
<msg timestamp="20211102 02:05:17.683" level="DEBUG">POST http://127.0.0.1:4723/wd/hub/session/dfcc0d23-7d1d-4b0b-97f1-e60390781f4d/elements {"using": "xpath", "value": "//android.support.v7.widget.RecyclerView[@content-desc=\"filters\"]/android.widget.LinearLayout[1]"}</msg>
<msg timestamp="20211102 02:05:17.778" level="DEBUG">http://127.0.0.1:4723 "POST /wd/hub/session/dfcc0d23-7d1d-4b0b-97f1-e60390781f4d/elements HTTP/1.1" 200 12</msg>
<msg timestamp="20211102 02:05:17.779" level="DEBUG">Finished Request</msg>
<msg timestamp="20211102 02:05:17.983" level="DEBUG">POST http://127.0.0.1:4723/wd/hub/session/dfcc0d23-7d1d-4b0b-97f1-e60390781f4d/elements {"using": "xpath", "value": "//android.support.v7.widget.RecyclerView[@content-desc=\"filters\"]/android.widget.LinearLayout[1]"}</msg>
<msg timestamp="20211102 02:05:18.540" level="DEBUG">http://127.0.0.1:4723 "POST /wd/hub/session/dfcc0d23-7d1d-4b0b-97f1-e60390781f4d/elements HTTP/1.1" 200 12</msg>
<msg timestamp="20211102 02:05:18.541" level="DEBUG">Finished Request</msg>
<msg timestamp="20211102 02:05:18.745" level="DEBUG">POST http://127.0.0.1:4723/wd/hub/session/dfcc0d23-7d1d-4b0b-97f1-e60390781f4d/elements {"using": "xpath", "value": "//android.support.v7.widget.RecyclerView[@content-desc=\"filters\"]/android.widget.LinearLayout[1]"}</msg>
<msg timestamp="20211102 02:05:18.836" level="DEBUG">http://127.0.0.1:4723 "POST /wd/hub/session/dfcc0d23-7d1d-4b0b-97f1-e60390781f4d/elements HTTP/1.1" 200 12</msg>
<msg timestamp="20211102 02:05:18.837" level="DEBUG">Finished Request</msg>
<msg timestamp="20211102 02:05:19.046" level="DEBUG">POST http://127.0.0.1:4723/wd/hub/session/dfcc0d23-7d1d-4b0b-97f1-e60390781f4d/elements {"using": "xpath", "value": "//android.support.v7.widget.RecyclerView[@content-desc=\"filters\"]/android.widget.LinearLayout[1]"}</msg>
<msg timestamp="20211102 02:05:19.489" level="DEBUG">http://127.0.0.1:4723 "POST /wd/hub/session/dfcc0d23-7d1d-4b0b-97f1-e60390781f4d/elements HTTP/1.1" 200 12</msg>
<msg timestamp="20211102 02:05:19.490" level="DEBUG">Finished Request</msg>
<msg timestamp="20211102 02:05:19.694" level="DEBUG">POST http://127.0.0.1:4723/wd/hub/session/dfcc0d23-7d1d-4b0b-97f1-e60390781f4d/elements {"using": "xpath", "value": "//android.support.v7.widget.RecyclerView[@content-desc=\"filters\"]/android.widget.LinearLayout[1]"}</msg>
<msg timestamp="20211102 02:05:19.798" level="DEBUG">http://127.0.0.1:4723 "POST /wd/hub/session/dfcc0d23-7d1d-4b0b-97f1-e60390781f4d/elements HTTP/1.1" 200 12</msg>
<msg timestamp="20211102 02:05:19.798" level="DEBUG">Finished Request</msg>
<msg timestamp="20211102 02:05:20.010" level="DEBUG">POST http://127.0.0.1:4723/wd/hub/session/dfcc0d23-7d1d-4b0b-97f1-e60390781f4d/elements {"using": "xpath", "value": "//android.support.v7.widget.RecyclerView[@content-desc=\"filters\"]/android.widget.LinearLayout[1]"}</msg>
<msg timestamp="20211102 02:05:20.474" level="DEBUG">http://127.0.0.1:4723 "POST /wd/hub/session/dfcc0d23-7d1d-4b0b-97f1-e60390781f4d/elements HTTP/1.1" 200 12</msg>
<msg timestamp="20211102 02:05:20.474" level="DEBUG">Finished Request</msg>
<msg timestamp="20211102 02:05:20.687" level="DEBUG">POST http://127.0.0.1:4723/wd/hub/session/dfcc0d23-7d1d-4b0b-97f1-e60390781f4d/elements {"using": "xpath", "value": "//android.support.v7.widget.RecyclerView[@content-desc=\"filters\"]/android.widget.LinearLayout[1]"}</msg>
<msg timestamp="20211102 02:05:20.789" level="DEBUG">http://127.0.0.1:4723 "POST /wd/hub/session/dfcc0d23-7d1d-4b0b-97f1-e60390781f4d/elements HTTP/1.1" 200 12</msg>
<msg timestamp="20211102 02:05:20.789" level="DEBUG">Finished Request</msg>
<msg timestamp="20211102 02:05:20.989" level="DEBUG">POST http://127.0.0.1:4723/wd/hub/session/dfcc0d23-7d1d-4b0b-97f1-e60390781f4d/elements {"using": "xpath", "value": "//android.support.v7.widget.RecyclerView[@content-desc=\"filters\"]/android.widget.LinearLayout[1]"}</msg>
<msg timestamp="20211102 02:05:21.491" level="DEBUG">http://127.0.0.1:4723 "POST /wd/hub/session/dfcc0d23-7d1d-4b0b-97f1-e60390781f4d/elements HTTP/1.1" 200 12</msg>
<msg timestamp="20211102 02:05:21.492" level="DEBUG">Finished Request</msg>
<msg timestamp="20211102 02:05:21.698" level="DEBUG">POST http://127.0.0.1:4723/wd/hub/session/dfcc0d23-7d1d-4b0b-97f1-e60390781f4d/elements {"using": "xpath", "value": "//android.support.v7.widget.RecyclerView[@content-desc=\"filters\"]/android.widget.LinearLayout[1]"}</msg>
<msg timestamp="20211102 02:05:21.783" level="DEBUG">http://127.0.0.1:4723 "POST /wd/hub/session/dfcc0d23-7d1d-4b0b-97f1-e60390781f4d/elements HTTP/1.1" 200 12</msg>
<msg timestamp="20211102 02:05:21.784" level="DEBUG">Finished Request</msg>
<msg timestamp="20211102 02:05:21.998" level="DEBUG">POST http://127.0.0.1:4723/wd/hub/session/dfcc0d23-7d1d-4b0b-97f1-e60390781f4d/elements {"using": "xpath", "value": "//android.support.v7.widget.RecyclerView[@content-desc=\"filters\"]/android.widget.LinearLayout[1]"}</msg>
<msg timestamp="20211102 02:05:22.522" level="DEBUG">http://127.0.0.1:4723 "POST /wd/hub/session/dfcc0d23-7d1d-4b0b-97f1-e60390781f4d/elements HTTP/1.1" 200 12</msg>
<msg timestamp="20211102 02:05:22.522" level="DEBUG">Finished Request</msg>
<msg timestamp="20211102 02:05:22.727" level="DEBUG">POST http://127.0.0.1:4723/wd/hub/session/dfcc0d23-7d1d-4b0b-97f1-e60390781f4d/elements {"using": "xpath", "value": "//android.support.v7.widget.RecyclerView[@content-desc=\"filters\"]/android.widget.LinearLayout[1]"}</msg>
<msg timestamp="20211102 02:05:22.838" level="DEBUG">http://127.0.0.1:4723 "POST /wd/hub/session/dfcc0d23-7d1d-4b0b-97f1-e60390781f4d/elements HTTP/1.1" 200 12</msg>
<msg timestamp="20211102 02:05:22.839" level="DEBUG">Finished Request</msg>
<msg timestamp="20211102 02:05:23.043" level="DEBUG">POST http://127.0.0.1:4723/wd/hub/session/dfcc0d23-7d1d-4b0b-97f1-e60390781f4d/elements {"using": "xpath", "value": "//android.support.v7.widget.RecyclerView[@content-desc=\"filters\"]/android.widget.LinearLayout[1]"}</msg>
<msg timestamp="20211102 02:05:23.433" level="DEBUG">http://127.0.0.1:4723 "POST /wd/hub/session/dfcc0d23-7d1d-4b0b-97f1-e60390781f4d/elements HTTP/1.1" 200 12</msg>
<msg timestamp="20211102 02:05:23.433" level="DEBUG">Finished Request</msg>
<msg timestamp="20211102 02:05:23.644" level="DEBUG">POST http://127.0.0.1:4723/wd/hub/session/dfcc0d23-7d1d-4b0b-97f1-e60390781f4d/elements {"using": "xpath", "value": "//android.support.v7.widget.RecyclerView[@content-desc=\"filters\"]/android.widget.LinearLayout[1]"}</msg>
<msg timestamp="20211102 02:05:23.746" level="DEBUG">http://127.0.0.1:4723 "POST /wd/hub/session/dfcc0d23-7d1d-4b0b-97f1-e60390781f4d/elements HTTP/1.1" 200 12</msg>
<msg timestamp="20211102 02:05:23.747" level="DEBUG">Finished Request</msg>
<msg timestamp="20211102 02:05:23.962" level="DEBUG">POST http://127.0.0.1:4723/wd/hub/session/dfcc0d23-7d1d-4b0b-97f1-e60390781f4d/elements {"using": "xpath", "value": "//android.support.v7.widget.RecyclerView[@content-desc=\"filters\"]/android.widget.LinearLayout[1]"}</msg>
<msg timestamp="20211102 02:05:24.471" level="DEBUG">http://127.0.0.1:4723 "POST /wd/hub/session/dfcc0d23-7d1d-4b0b-97f1-e60390781f4d/elements HTTP/1.1" 200 12</msg>
<msg timestamp="20211102 02:05:24.472" level="DEBUG">Finished Request</msg>
<msg timestamp="20211102 02:05:24.675" level="DEBUG">POST http://127.0.0.1:4723/wd/hub/session/dfcc0d23-7d1d-4b0b-97f1-e60390781f4d/elements {"using": "xpath", "value": "//android.support.v7.widget.RecyclerView[@content-desc=\"filters\"]/android.widget.LinearLayout[1]"}</msg>
<msg timestamp="20211102 02:05:24.790" level="DEBUG">http://127.0.0.1:4723 "POST /wd/hub/session/dfcc0d23-7d1d-4b0b-97f1-e60390781f4d/elements HTTP/1.1" 200 12</msg>
<msg timestamp="20211102 02:05:24.791" level="DEBUG">Finished Request</msg>
<msg timestamp="20211102 02:05:25.005" level="DEBUG">POST http://127.0.0.1:4723/wd/hub/session/dfcc0d23-7d1d-4b0b-97f1-e60390781f4d/elements {"using": "xpath", "value": "//android.support.v7.widget.RecyclerView[@content-desc=\"filters\"]/android.widget.LinearLayout[1]"}</msg>
<msg timestamp="20211102 02:05:25.441" level="DEBUG">http://127.0.0.1:4723 "POST /wd/hub/session/dfcc0d23-7d1d-4b0b-97f1-e60390781f4d/elements HTTP/1.1" 200 12</msg>
<msg timestamp="20211102 02:05:25.442" level="DEBUG">Finished Request</msg>
<msg timestamp="20211102 02:05:25.651" level="DEBUG">POST http://127.0.0.1:4723/wd/hub/session/dfcc0d23-7d1d-4b0b-97f1-e60390781f4d/elements {"using": "xpath", "value": "//android.support.v7.widget.RecyclerView[@content-desc=\"filters\"]/android.widget.LinearLayout[1]"}</msg>
<msg timestamp="20211102 02:05:25.740" level="DEBUG">http://127.0.0.1:4723 "POST /wd/hub/session/dfcc0d23-7d1d-4b0b-97f1-e60390781f4d/elements HTTP/1.1" 200 12</msg>
<msg timestamp="20211102 02:05:25.740" level="DEBUG">Finished Request</msg>
<msg timestamp="20211102 02:05:25.952" level="DEBUG">POST http://127.0.0.1:4723/wd/hub/session/dfcc0d23-7d1d-4b0b-97f1-e60390781f4d/elements {"using": "xpath", "value": "//android.support.v7.widget.RecyclerView[@content-desc=\"filters\"]/android.widget.LinearLayout[1]"}</msg>
<msg timestamp="20211102 02:05:26.747" level="DEBUG">http://127.0.0.1:4723 "POST /wd/hub/session/dfcc0d23-7d1d-4b0b-97f1-e60390781f4d/elements HTTP/1.1" 200 12</msg>
<msg timestamp="20211102 02:05:26.747" level="DEBUG">Finished Request</msg>
<msg timestamp="20211102 02:05:26.893" level="DEBUG">GET http://127.0.0.1:4723/wd/hub/session/dfcc0d23-7d1d-4b0b-97f1-e60390781f4d/source {}</msg>
<msg timestamp="20211102 02:05:27.125" level="DEBUG">http://127.0.0.1:4723 "GET /wd/hub/session/dfcc0d23-7d1d-4b0b-97f1-e60390781f4d/source HTTP/1.1" 200 33561</msg>
<msg timestamp="20211102 02:05:27.126" level="DEBUG">Finished Request</msg>
<msg timestamp="20211102 02:05:27.128" level="INFO">&lt;?xml version='1.0' encoding='UTF-8' standalone='yes' ?&gt;
&lt;hierarchy index="0" class="hierarchy" rotation="0" width="1080" height="1794"&gt;
  &lt;android.widget.FrameLayout index="0" package="com.google.android.youtube" class="android.widget.FrameLayout" text="" checkable="false" checked="false" clickable="false" enabled="true" focusable="false" focused="false" long-clickable="false" password="false" scrollable="false" selected="false" bounds="[0,0][1080,1794]" displayed="true"&gt;
    &lt;android.widget.LinearLayout index="0" package="com.google.android.youtube" class="android.widget.LinearLayout" text="" checkable="false" checked="false" clickable="false" enabled="true" focusable="false" focused="false" long-clickable="false" password="false" scrollable="false" selected="false" bounds="[0,0][1080,1794]" displayed="true"&gt;
      &lt;android.widget.FrameLayout index="0" package="com.google.android.youtube" class="android.widget.FrameLayout" text="" checkable="false" checked="false" clickable="false" enabled="true" focusable="false" focused="false" long-clickable="false" password="false" scrollable="false" selected="false" bounds="[0,0][1080,1794]" displayed="true"&gt;
        &lt;android.widget.LinearLayout index="0" package="com.google.android.youtube" class="android.widget.LinearLayout" text="" resource-id="com.google.android.youtube:id/action_bar_root" checkable="false" checked="false" clickable="false" enabled="true" focusable="false" focused="false" long-clickable="false" password="false" scrollable="false" selected="false" bounds="[0,0][1080,1794]" displayed="true"&gt;
          &lt;android.widget.FrameLayout index="0" package="com.google.android.youtube" class="android.widget.FrameLayout" text="" resource-id="android:id/content" checkable="false" checked="false" clickable="false" enabled="true" focusable="false" focused="false" long-clickable="false" password="false" scrollable="false" selected="false" bounds="[0,0][1080,1794]" displayed="true"&gt;
            &lt;android.widget.FrameLayout index="0" package="com.google.android.youtube" class="android.widget.FrameLayout" text="" resource-id="com.google.android.youtube:id/slim_status_bar_player_container" checkable="false" checked="false" clickable="false" enabled="true" focusable="false" focused="false" long-clickable="false" password="false" scrollable="false" selected="false" bounds="[0,0][1080,1794]" displayed="true"&gt;
              &lt;android.view.ViewGroup index="1" package="com.google.android.youtube" class="android.view.ViewGroup" text="" resource-id="com.google.android.youtube:id/navigation_bar_divider_frame" checkable="false" checked="false" clickable="false" enabled="true" focusable="false" focused="false" long-clickable="false" password="false" scrollable="false" selected="false" bounds="[0,63][1080,1794]" displayed="true"&gt;
                &lt;android.widget.FrameLayout index="0" package="com.google.android.youtube" class="android.widget.FrameLayout" text="" resource-id="com.google.android.youtube:id/global_slim_status_bar_container" checkable="false" checked="false" clickable="false" enabled="true" focusable="false" focused="false" long-clickable="false" password="false" scrollable="false" selected="false" bounds="[0,63][1080,1794]" displayed="true" /&gt;
                &lt;android.widget.FrameLayout index="1" package="com.google.android.youtube" class="android.widget.FrameLayout" text="" resource-id="com.google.android.youtube:id/accessibility_layer_container" checkable="false" checked="false" clickable="false" enabled="true" focusable="false" focused="false" long-clickable="false" password="false" scrollable="false" selected="false" bounds="[0,63][1080,1794]" displayed="true"&gt;
                  &lt;android.view.ViewGroup index="0" package="com.google.android.youtube" class="android.view.ViewGroup" text="" resource-id="com.google.android.youtube:id/next_gen_watch_container_layout" checkable="false" checked="false" clickable="false" enabled="true" focusable="false" focused="false" long-clickable="false" password="false" scrollable="false" selected="false" bounds="[0,63][1080,1794]" displayed="true"&gt;
                    &lt;android.view.ViewGroup index="0" package="com.google.android.youtube" class="android.view.ViewGroup" text="" resource-id="com.google.android.youtube:id/watch_while_layout_coordinator_layout" checkable="false" checked="false" clickable="false" enabled="true" focusable="false" focused="false" long-clickable="false" password="false" scrollable="false" selected="false" bounds="[0,63][1080,1794]" displayed="true"&gt;
                      &lt;android.widget.FrameLayout index="0" package="com.google.android.youtube" class="android.widget.FrameLayout" text="" resource-id="com.google.android.youtube:id/fab_container" checkable="false" checked="false" clickable="false" enabled="true" focusable="false" focused="false" long-clickable="false" password="false" scrollable="false" selected="false" bounds="[0,63][1080,1794]" displayed="true" /&gt;
                      &lt;android.widget.LinearLayout index="1" package="com.google.android.youtube" class="android.widget.LinearLayout" text="" resource-id="com.google.android.youtube:id/appbar_layout" checkable="false" checked="false" clickable="false" enabled="true" focusable="false" focused="false" long-clickable="false" password="false" scrollable="false" selected="false" bounds="[0,63][1080,189]" displayed="true"&gt;
                        &lt;android.widget.FrameLayout index="0" package="com.google.android.youtube" class="android.widget.FrameLayout" text="" resource-id="com.google.android.youtube:id/toolbar_container" checkable="false" checked="false" clickable="false" enabled="true" focusable="false" focused="false" long-clickable="false" password="false" scrollable="false" selected="false" bounds="[0,63][1080,189]" displayed="true"&gt;
                          &lt;android.view.ViewGroup index="0" package="com.google.android.youtube" class="android.view.ViewGroup" text="" resource-id="com.google.android.youtube:id/toolbar" checkable="false" checked="false" clickable="false" enabled="true" focusable="false" focused="false" long-clickable="false" password="false" scrollable="false" selected="false" bounds="[0,63][1080,189]" displayed="true"&gt;
                            &lt;android.widget.FrameLayout index="0" package="com.google.android.youtube" class="android.widget.FrameLayout" text="" checkable="false" checked="false" clickable="false" enabled="true" focusable="false" focused="false" long-clickable="false" password="false" scrollable="false" selected="false" bounds="[0,63][690,189]" displayed="true"&gt;
                              &lt;android.widget.ImageView index="0" package="com.google.android.youtube" class="android.widget.ImageView" text="" content-desc="YouTube" resource-id="com.google.android.youtube:id/youtube_logo" checkable="false" checked="false" clickable="false" enabled="true" focusable="false" focused="false" long-clickable="false" password="false" scrollable="false" selected="false" bounds="[0,63][320,189]" displayed="true" /&gt;
                            &lt;/android.widget.FrameLayout&gt;
                            &lt;android.support.v7.widget.LinearLayoutCompat index="1" package="com.google.android.youtube" class="android.support.v7.widget.LinearLayoutCompat" text="" checkable="false" checked="false" clickable="false" enabled="true" focusable="false" focused="false" long-clickable="false" password="false" scrollable="false" selected="false" bounds="[690,63][1080,189]" displayed="true"&gt;
                              &lt;android.widget.FrameLayout index="0" package="com.google.android.youtube" class="android.widget.FrameLayout" text="" resource-id="com.google.android.youtube:id/menu_item_0" checkable="false" checked="false" clickable="false" enabled="true" focusable="false" focused="false" long-clickable="false" password="false" scrollable="false" selected="false" bounds="[690,63][816,189]" displayed="true"&gt;
                                &lt;android.view.ViewGroup index="0" package="com.google.android.youtube" class="android.view.ViewGroup" text="" checkable="false" checked="false" clickable="false" enabled="true" focusable="false" focused="false" long-clickable="false" password="false" scrollable="false" selected="false" bounds="[690,63][816,189]" displayed="true"&gt;
                                  &lt;android.widget.ImageView index="0" package="com.google.android.youtube" class="android.widget.ImageView" text="" content-desc="Notifications" resource-id="com.google.android.youtube:id/menu_item_view" checkable="false" checked="false" clickable="true" enabled="true" focusable="true" focused="false" long-clickable="false" password="false" scrollable="false" selected="false" bounds="[690,63][816,189]" displayed="true" /&gt;
                                &lt;/android.view.ViewGroup&gt;
                              &lt;/android.widget.FrameLayout&gt;
                              &lt;android.widget.FrameLayout index="1" package="com.google.android.youtube" class="android.widget.FrameLayout" text="" resource-id="com.google.android.youtube:id/menu_item_1" checkable="false" checked="false" clickable="false" enabled="true" focusable="false" focused="false" long-clickable="false" password="false" scrollable="false" selected="false" bounds="[816,63][942,189]" displayed="true"&gt;
                                &lt;android.view.ViewGroup index="0" package="com.google.android.youtube" class="android.view.ViewGroup" text="" checkable="false" checked="false" clickable="false" enabled="true" focusable="false" focused="false" long-clickable="false" password="false" scrollable="false" selected="false" bounds="[816,63][942,189]" displayed="true"&gt;
                                  &lt;android.widget.ImageView index="0" package="com.google.android.youtube" class="android.widget.ImageView" text="" content-desc="Search" resource-id="com.google.android.youtube:id/menu_item_view" checkable="false" checked="false" clickable="true" enabled="true" focusable="true" focused="false" long-clickable="false" password="false" scrollable="false" selected="false" bounds="[816,63][942,189]" displayed="true" /&gt;
                                &lt;/android.view.ViewGroup&gt;
                              &lt;/android.widget.FrameLayout&gt;
                              &lt;android.widget.FrameLayout index="2" package="com.google.android.youtube" class="android.widget.FrameLayout" text="" resource-id="com.google.android.youtube:id/mobile_topbar_avatar" checkable="false" checked="false" clickable="true" enabled="true" focusable="true" focused="false" long-clickable="true" password="false" scrollable="false" selected="false" bounds="[942,63][1080,189]" displayed="true"&gt;
                                &lt;android.widget.ImageView index="0" package="com.google.android.youtube" class="android.widget.ImageView" text="" content-desc="Account" resource-id="com.google.android.youtube:id/image" checkable="false" checked="false" clickable="false" enabled="true" focusable="false" focused="false" long-clickable="false" password="false" scrollable="false" selected="false" bounds="[974,94][1037,157]" displayed="true" /&gt;
                              &lt;/android.widget.FrameLayout&gt;
                            &lt;/android.support.v7.widget.LinearLayoutCompat&gt;
                          &lt;/android.view.ViewGroup&gt;
                        &lt;/android.widget.FrameLayout&gt;
                      &lt;/android.widget.LinearLayout&gt;
                      &lt;android.widget.FrameLayout index="2" package="com.google.android.youtube" class="android.widget.FrameLayout" text="" resource-id="com.google.android.youtube:id/pane_fragment_container" checkable="false" checked="false" clickable="false" enabled="true" focusable="false" focused="false" long-clickable="false" password="false" scrollable="false" selected="false" bounds="[0,189][1080,1794]" displayed="true"&gt;
                        &lt;android.widget.FrameLayout index="0" package="com.google.android.youtube" class="android.widget.FrameLayout" text="" resource-id="com.google.android.youtube:id/loading_layout" checkable="false" checked="false" clickable="false" enabled="true" focusable="false" focused="false" long-clickable="false" password="false" scrollable="false" selected="false" bounds="[0,189][1080,1794]" displayed="true"&gt;
                          &lt;android.view.ViewGroup index="0" package="com.google.android.youtube" class="android.view.ViewGroup" text="" checkable="false" checked="false" clickable="false" enabled="false" focusable="false" focused="false" long-clickable="false" password="false" scrollable="false" selected="false" bounds="[0,189][1080,1794]" displayed="true"&gt;
                            &lt;android.support.v7.widget.RecyclerView index="0" package="com.google.android.youtube" class="android.support.v7.widget.RecyclerView" text="" resource-id="com.google.android.youtube:id/results" checkable="false" checked="false" clickable="false" enabled="true" focusable="true" focused="false" long-clickable="false" password="false" scrollable="true" selected="false" bounds="[0,189][1080,1794]" displayed="true"&gt;
                              &lt;android.view.ViewGroup index="0" package="com.google.android.youtube" class="android.view.ViewGroup" text="" checkable="false" checked="false" clickable="false" enabled="true" focusable="true" focused="false" long-clickable="false" password="false" scrollable="false" selected="false" bounds="[0,189][1080,1026]" displayed="true"&gt;
                                &lt;android.view.ViewGroup index="0" package="com.google.android.youtube" class="android.view.ViewGroup" text="" content-desc="É ASSIM QUE UM GÊNIO DE PLACA DE VÍDEO TRABALHA, ME IMPRESSIONEI - 27 minutes - Go to channel - MW Informática - 117K views - 4 days ago - play video" checkable="false" checked="false" clickable="true" enabled="true" focusable="true" focused="false" long-clickable="false" password="false" scrollable="false" selected="false" bounds="[0,189][1080,1026]" displayed="true"&gt;
                                  &lt;android.widget.ImageView index="0" package="com.google.android.youtube" class="android.widget.ImageView" text="" checkable="false" checked="false" clickable="false" enabled="true" focusable="false" focused="false" long-clickable="false" password="false" scrollable="false" selected="false" bounds="[0,189][1080,797]" displayed="true" /&gt;
                                  &lt;android.widget.ImageView index="1" package="com.google.android.youtube" class="android.widget.ImageView" text="" checkable="false" checked="false" clickable="false" enabled="true" focusable="false" focused="false" long-clickable="false" password="false" scrollable="false" selected="false" bounds="[0,189][1080,796]" displayed="true" /&gt;
                                  &lt;android.widget.ImageView index="2" package="com.google.android.youtube" class="android.widget.ImageView" text="" content-desc="Go to channel" checkable="false" checked="false" clickable="true" enabled="true" focusable="true" focused="false" long-clickable="false" password="false" scrollable="false" selected="false" bounds="[32,828][127,923]" displayed="true" /&gt;
                                  &lt;android.widget.ImageView index="3" package="com.google.android.youtube" class="android.widget.ImageView" text="" content-desc="Action menu" checkable="false" checked="false" clickable="true" enabled="true" focusable="true" focused="false" long-clickable="false" password="false" scrollable="false" selected="false" bounds="[1022,828][1069,875]" displayed="true" /&gt;
                                &lt;/android.view.ViewGroup&gt;
                              &lt;/android.view.ViewGroup&gt;
                              &lt;android.view.ViewGroup index="1" package="com.google.android.youtube" class="android.view.ViewGroup" text="" checkable="false" checked="false" clickable="false" enabled="true" focusable="false" focused="false" long-clickable="false" password="false" scrollable="false" selected="false" bounds="[0,1026][1080,1042]" displayed="true" /&gt;
                              &lt;android.view.ViewGroup index="2" package="com.google.android.youtube" class="android.view.ViewGroup" text="" checkable="false" checked="false" clickable="false" enabled="true" focusable="true" focused="false" long-clickable="false" password="false" scrollable="false" selected="false" bounds="[0,1042][1080,1794]" displayed="true"&gt;
                                &lt;android.widget.ImageView index="0" package="com.google.android.youtube" class="android.widget.ImageView" text="" checkable="false" checked="false" clickable="false" enabled="true" focusable="false" focused="false" long-clickable="false" password="false" scrollable="false" selected="false" bounds="[32,1073][95,1136]" displayed="true" /&gt;
                                &lt;android.view.ViewGroup index="1" package="com.google.android.youtube" class="android.view.ViewGroup" text="" content-desc="Shorts, beta" checkable="false" checked="false" clickable="false" enabled="true" focusable="true" focused="false" long-clickable="false" password="false" scrollable="false" selected="false" bounds="[116,1071][306,1139]" displayed="true" /&gt;
                                &lt;android.view.ViewGroup index="2" package="com.google.android.youtube" class="android.view.ViewGroup" text="" checkable="false" checked="false" clickable="false" enabled="false" focusable="false" focused="false" long-clickable="false" password="false" scrollable="false" selected="false" bounds="[0,1168][1080,1794]" displayed="true"&gt;
                                  &lt;android.support.v7.widget.RecyclerView index="0" package="com.google.android.youtube" class="android.support.v7.widget.RecyclerView" text="" checkable="false" checked="false" clickable="false" enabled="true" focusable="true" focused="false" long-clickable="false" password="false" scrollable="true" selected="false" bounds="[0,1168][1080,1794]" displayed="true"&gt;
                                    &lt;android.view.ViewGroup index="0" package="com.google.android.youtube" class="android.view.ViewGroup" text="" content-desc="Bump fire Mac 11, 34 million views - play video" checkable="false" checked="false" clickable="true" enabled="true" focusable="true" focused="false" long-clickable="false" password="false" scrollable="false" selected="false" bounds="[32,1168][523,1794]" displayed="true"&gt;
                                      &lt;android.view.ViewGroup index="0" package="com.google.android.youtube" class="android.view.ViewGroup" text="" checkable="false" checked="false" clickable="false" enabled="true" focusable="false" focused="false" long-clickable="false" password="false" scrollable="false" selected="false" bounds="[32,1168][491,1794]" displayed="true"&gt;
                                        &lt;android.widget.ImageView index="0" package="com.google.android.youtube" class="android.widget.ImageView" text="" checkable="false" checked="false" clickable="false" enabled="true" focusable="false" focused="false" long-clickable="false" password="false" scrollable="false" selected="false" bounds="[32,1168][491,1794]" displayed="true" /&gt;
                                        &lt;android.widget.ImageView index="1" package="com.google.android.youtube" class="android.widget.ImageView" text="" content-desc="More actions" checkable="false" checked="false" clickable="true" enabled="true" focusable="true" focused="false" long-clickable="false" password="false" scrollable="false" selected="false" bounds="[433,1189][480,1236]" displayed="true" /&gt;
                                      &lt;/android.view.ViewGroup&gt;
                                    &lt;/android.view.ViewGroup&gt;
                                    &lt;android.view.ViewGroup index="1" package="com.google.android.youtube" class="android.view.ViewGroup" text="" content-desc="ولادة طبيعي&amp;#128515;&amp;#128561;&amp;#128561;&amp;#128561;, 38 million views - play video" checkable="false" checked="false" clickable="true" enabled="true" focusable="true" focused="false" long-clickable="false" password="false" scrollable="false" selected="false" bounds="[523,1168][1014,1794]" displayed="true"&gt;
                                      &lt;android.view.ViewGroup index="0" package="com.google.android.youtube" class="android.view.ViewGroup" text="" checkable="false" checked="false" clickable="false" enabled="true" focusable="false" focused="false" long-clickable="false" password="false" scrollable="false" selected="false" bounds="[523,1168][982,1794]" displayed="true"&gt;
                                        &lt;android.widget.ImageView index="0" package="com.google.android.youtube" class="android.widget.ImageView" text="" checkable="false" checked="false" clickable="false" enabled="true" focusable="false" focused="false" long-clickable="false" password="false" scrollable="false" selected="false" bounds="[523,1168][982,1794]" displayed="true" /&gt;
                                        &lt;android.widget.ImageView index="1" package="com.google.android.youtube" class="android.widget.ImageView" text="" content-desc="More actions" checkable="false" checked="false" clickable="true" enabled="true" focusable="true" focused="false" long-clickable="false" password="false" scrollable="false" selected="false" bounds="[924,1189][971,1236]" displayed="true" /&gt;
                                      &lt;/android.view.ViewGroup&gt;
                                    &lt;/android.view.ViewGroup&gt;
                                    &lt;android.view.ViewGroup index="2" package="com.google.android.youtube" class="android.view.ViewGroup" text="" content-desc="Boerboel and Presa Canario take owner for a walk!!!, 9.5 million views - play video" checkable="false" checked="false" clickable="true" enabled="true" focusable="true" focused="false" long-clickable="false" password="false" scrollable="false" selected="false" bounds="[1014,1168][1080,1794]" displayed="true"&gt;
                                      &lt;android.view.ViewGroup index="0" package="com.google.android.youtube" class="android.view.ViewGroup" text="" checkable="false" checked="false" clickable="false" enabled="true" focusable="false" focused="false" long-clickable="false" password="false" scrollable="false" selected="false" bounds="[1014,1168][1080,1794]" displayed="true"&gt;
                                        &lt;android.widget.ImageView index="0" package="com.google.android.youtube" class="android.widget.ImageView" text="" checkable="false" checked="false" clickable="false" enabled="true" focusable="false" focused="false" long-clickable="false" password="false" scrollable="false" selected="false" bounds="[1014,1168][1080,1794]" displayed="true" /&gt;
                                      &lt;/android.view.ViewGroup&gt;
                                    &lt;/android.view.ViewGroup&gt;
                                  &lt;/android.support.v7.widget.RecyclerView&gt;
                                &lt;/android.view.ViewGroup&gt;
                              &lt;/android.view.ViewGroup&gt;
                            &lt;/android.support.v7.widget.RecyclerView&gt;
                          &lt;/android.view.ViewGroup&gt;
                        &lt;/android.widget.FrameLayout&gt;
                      &lt;/android.widget.FrameLayout&gt;
                    &lt;/android.view.ViewGroup&gt;
                  &lt;/android.view.ViewGroup&gt;
                  &lt;android.widget.LinearLayout index="1" package="com.google.android.youtube" class="android.widget.LinearLayout" text="" resource-id="com.google.android.youtube:id/bottom_bar_container" checkable="false" checked="false" clickable="false" enabled="true" focusable="false" focused="false" long-clickable="false" password="false" scrollable="false" selected="false" bounds="[0,1668][1080,1794]" displayed="true"&gt;
                    &lt;android.widget.HorizontalScrollView index="0" package="com.google.android.youtube" class="android.widget.HorizontalScrollView" text="" resource-id="com.google.android.youtube:id/pivot_bar" checkable="false" checked="false" clickable="false" enabled="true" focusable="true" focused="false" long-clickable="false" password="false" scrollable="false" selected="false" bounds="[0,1668][1080,1794]" displayed="true"&gt;
                      &lt;android.widget.LinearLayout index="0" package="com.google.android.youtube" class="android.widget.LinearLayout" text="" checkable="false" checked="false" clickable="false" enabled="true" focusable="false" focused="false" long-clickable="false" password="false" scrollable="false" selected="false" bounds="[0,1668][1080,1794]" displayed="true"&gt;
                        &lt;android.widget.Button index="0" package="com.google.android.youtube" class="android.widget.Button" text="" content-desc="Home" checkable="false" checked="false" clickable="true" enabled="true" focusable="true" focused="false" long-clickable="false" password="false" scrollable="false" selected="true" bounds="[0,1668][216,1794]" displayed="true"&gt;
                          &lt;android.widget.ImageView index="0" package="com.google.android.youtube" class="android.widget.ImageView" text="" resource-id="com.google.android.youtube:id/image" checkable="false" checked="false" clickable="false" enabled="true" focusable="false" focused="false" long-clickable="false" password="false" scrollable="false" selected="true" bounds="[77,1682][140,1745]" displayed="true" /&gt;
                          &lt;android.widget.TextView index="1" package="com.google.android.youtube" class="android.widget.TextView" text="Home" resource-id="com.google.android.youtube:id/text" checkable="false" checked="false" clickable="false" enabled="true" focusable="false" focused="false" long-clickable="false" password="false" scrollable="false" selected="true" bounds="[70,1750][147,1780]" displayed="true" /&gt;
                        &lt;/android.widget.Button&gt;
                        &lt;android.widget.Button index="1" package="com.google.android.youtube" class="android.widget.Button" text="" content-desc="Shorts" checkable="false" checked="false" clickable="true" enabled="true" focusable="true" focused="false" long-clickable="false" password="false" scrollable="false" selected="false" bounds="[216,1668][432,1794]" displayed="true"&gt;
                          &lt;android.widget.ImageView index="0" package="com.google.android.youtube" class="android.widget.ImageView" text="" resource-id="com.google.android.youtube:id/image" checkable="false" checked="false" clickable="false" enabled="true" focusable="false" focused="false" long-clickable="false" password="false" scrollable="false" selected="false" bounds="[293,1682][356,1745]" displayed="true" /&gt;
                          &lt;android.widget.TextView index="1" package="com.google.android.youtube" class="android.widget.TextView" text="Shorts" resource-id="com.google.android.youtube:id/text" checkable="false" checked="false" clickable="false" enabled="true" focusable="false" focused="false" long-clickable="false" password="false" scrollable="false" selected="false" bounds="[283,1750][365,1780]" displayed="true" /&gt;
                        &lt;/android.widget.Button&gt;
                        &lt;android.widget.Button index="2" package="com.google.android.youtube" class="android.widget.Button" text="" content-desc="Create" checkable="false" checked="false" clickable="true" enabled="true" focusable="true" focused="false" long-clickable="false" password="false" scrollable="false" selected="false" bounds="[432,1668][648,1794]" displayed="true"&gt;
                          &lt;android.widget.ImageView index="0" package="com.google.android.youtube" class="android.widget.ImageView" text="" resource-id="com.google.android.youtube:id/image" checkable="false" checked="false" clickable="false" enabled="true" focusable="false" focused="false" long-clickable="false" password="false" scrollable="false" selected="false" bounds="[493,1685][588,1780]" displayed="true" /&gt;
                        &lt;/android.widget.Button&gt;
                        &lt;android.widget.Button index="3" package="com.google.android.youtube" class="android.widget.Button" text="" content-desc="Subscriptions" checkable="false" checked="false" clickable="true" enabled="true" focusable="true" focused="false" long-clickable="false" password="false" scrollable="false" selected="false" bounds="[648,1668][864,1794]" displayed="true"&gt;
                          &lt;android.widget.ImageView index="0" package="com.google.android.youtube" class="android.widget.ImageView" text="" resource-id="com.google.android.youtube:id/image" checkable="false" checked="false" clickable="false" enabled="true" focusable="false" focused="false" long-clickable="false" password="false" scrollable="false" selected="false" bounds="[725,1682][788,1745]" displayed="true" /&gt;
                          &lt;android.widget.TextView index="1" package="com.google.android.youtube" class="android.widget.TextView" text="Subscriptions" resource-id="com.google.android.youtube:id/text" checkable="false" checked="false" clickable="false" enabled="true" focusable="false" focused="false" long-clickable="false" password="false" scrollable="false" selected="false" bounds="[674,1750][838,1780]" displayed="true" /&gt;
                        &lt;/android.widget.Button&gt;
                        &lt;android.widget.Button index="4" package="com.google.android.youtube" class="android.widget.Button" text="" content-desc="Library" checkable="false" checked="false" clickable="true" enabled="true" focusable="true" focused="false" long-clickable="false" password="false" scrollable="false" selected="false" bounds="[864,1668][1080,1794]" displayed="true"&gt;
                          &lt;android.widget.ImageView index="0" package="com.google.android.youtube" class="android.widget.ImageView" text="" resource-id="com.google.android.youtube:id/image" checkable="false" checked="false" clickable="false" enabled="true" focusable="false" focused="false" long-clickable="false" password="false" scrollable="false" selected="false" bounds="[941,1682][1004,1745]" displayed="true" /&gt;
                          &lt;android.widget.TextView index="1" package="com.google.android.youtube" class="android.widget.TextView" text="Library" resource-id="com.google.android.youtube:id/text" checkable="false" checked="false" clickable="false" enabled="true" focusable="false" focused="false" long-clickable="false" password="false" scrollable="false" selected="false" bounds="[930,1750][1014,1780]" displayed="true" /&gt;
                        &lt;/android.widget.Button&gt;
                      &lt;/android.widget.LinearLayout&gt;
                    &lt;/android.widget.HorizontalScrollView&gt;
                  &lt;/android.widget.LinearLayout&gt;
                &lt;/android.widget.FrameLayout&gt;
              &lt;/android.view.ViewGroup&gt;
            &lt;/android.widget.FrameLayout&gt;
          &lt;/android.widget.FrameLayout&gt;
        &lt;/android.widget.LinearLayout&gt;
      &lt;/android.widget.FrameLayout&gt;
    &lt;/android.widget.LinearLayout&gt;
  &lt;/android.widget.FrameLayout&gt;
&lt;/hierarchy&gt;</msg>
<kw name="Capture Page Screenshot" library="AppiumLibrary">
<doc>Takes a screenshot of the current page and embeds it into the log.</doc>
<msg timestamp="20211102 02:05:27.130" level="TRACE">Arguments: [  ]</msg>
<msg timestamp="20211102 02:05:27.131" level="DEBUG">GET http://127.0.0.1:4723/wd/hub/session/dfcc0d23-7d1d-4b0b-97f1-e60390781f4d/screenshot {}</msg>
<msg timestamp="20211102 02:05:28.877" level="DEBUG">http://127.0.0.1:4723 "GET /wd/hub/session/dfcc0d23-7d1d-4b0b-97f1-e60390781f4d/screenshot HTTP/1.1" 200 2452026</msg>
<msg timestamp="20211102 02:05:28.895" level="DEBUG">Finished Request</msg>
<msg timestamp="20211102 02:05:28.912" level="INFO" html="true">&lt;/td&gt;&lt;/tr&gt;&lt;tr&gt;&lt;td colspan="3"&gt;&lt;a href="appium-screenshot-1.png"&gt;&lt;img src="appium-screenshot-1.png" width="800px"&gt;&lt;/a&gt;</msg>
<msg timestamp="20211102 02:05:28.912" level="TRACE">Return: 'C:\\Projetos\\Curso Prime 25-10-21\\prime_experts_turma_4\\mobile\\logs\\appium-screenshot-1.png'</msg>
<status status="PASS" starttime="20211102 02:05:27.130" endtime="20211102 02:05:28.913"/>
</kw>
<msg timestamp="20211102 02:05:28.915" level="FAIL">Element locator '//android.support.v7.widget.RecyclerView[@content-desc="filters"]/android.widget.LinearLayout[1]' did not match any elements after 30 seconds</msg>
<msg timestamp="20211102 02:05:28.915" level="DEBUG">Traceback (most recent call last):
  File "c:\users\user\appdata\local\programs\python\python39\lib\site-packages\decorator.py", line 232, in fun
    return caller(func, *(extras + args), **kw)
  File "c:\users\user\appdata\local\programs\python\python39\lib\site-packages\AppiumLibrary\keywords\keywordgroup.py", line 21, in _run_on_failure_decorator
    raise err
  File "c:\users\user\appdata\local\programs\python\python39\lib\site-packages\AppiumLibrary\keywords\keywordgroup.py", line 16, in _run_on_failure_decorator
    return method(*args, **kwargs)
  File "c:\users\user\appdata\local\programs\python\python39\lib\site-packages\AppiumLibrary\keywords\_waiting.py", line 28, in wait_until_element_is_visible
    self._wait_until_no_error(timeout, check_visibility)
  File "c:\users\user\appdata\local\programs\python\python39\lib\site-packages\AppiumLibrary\keywords\_waiting.py", line 133, in _wait_until_no_error
    raise AssertionError(timeout_error)</msg>
<status status="FAIL" starttime="20211102 02:04:56.558" endtime="20211102 02:05:28.915"/>
</kw>
<kw name="Click Element" library="AppiumLibrary">
<arg>${Home.recyclerView}</arg>
<doc>Click element identified by `locator`.</doc>
<status status="NOT RUN" starttime="20211102 02:05:28.916" endtime="20211102 02:05:28.916"/>
</kw>
<status status="FAIL" starttime="20211102 02:04:56.558" endtime="20211102 02:05:28.917"/>
</kw>
<kw name="Usar swipe de tela até o 10 item da tela" library="resource">
<status status="NOT RUN" starttime="20211102 02:05:28.918" endtime="20211102 02:05:28.918"/>
</kw>
<kw name="Clicar no vídeo" library="resource">
<status status="NOT RUN" starttime="20211102 02:05:28.920" endtime="20211102 02:05:28.920"/>
</kw>
<status status="FAIL" starttime="20211102 02:04:46.336" endtime="20211102 02:05:28.921">Element locator '//android.support.v7.widget.RecyclerView[@content-desc="filters"]/android.widget.LinearLayout[1]' did not match any elements after 30 seconds</status>
</test>
<status status="FAIL" starttime="20211102 02:04:46.177" endtime="20211102 02:05:28.929"/>
</suite>
<status status="FAIL" starttime="20211102 02:04:46.156" endtime="20211102 02:05:28.934"/>
</suite>
<statistics>
<total>
<stat pass="0" fail="1" skip="0">All Tests</stat>
</total>
<tag>
</tag>
<suite>
<stat pass="0" fail="1" skip="0" id="s1" name="Mobile">Mobile</stat>
<stat pass="0" fail="1" skip="0" id="s1-s1" name="Teste Mobile">Mobile.Teste Mobile</stat>
</suite>
</statistics>
<errors>
</errors>
</robot>
